<?xml version="1.0" encoding="UTF-8"?>
<!-- Generated by org.testng.reporters.JUnitXMLReporter -->
<testsuite hostname="INBLRWIT247622" ignored="0" name="ValidationModule_NewScenario" tests="1" failures="1" timestamp="14 Nov 2019 12:38:57 GMT" time="153.76" errors="0">
  <testcase name="TC_003_06_NewScenario_Save" time="93.062" classname="com.volvo.in.validation.NewScenario_TC">
    <failure type="java.lang.AssertionError" message="Element not found within 30 seconds">
      <![CDATA[java.lang.AssertionError: Element not found within 30 seconds
	at com.volvo.in.commonlibrary.UIUtils.waitForVisibilityOfElement(UIUtils.java:489)
	at com.volvo.in.page.validation.NewScenario.searchScenarioAndDelete(NewScenario.java:312)
	at com.volvo.in.validation.NewScenario_TC.TC_003_06_NewScenario_Save(NewScenario_TC.java:60)
... Removed 26 stack frames]]>
    </failure>
  </testcase> <!-- TC_003_06_NewScenario_Save -->
</testsuite> <!-- ValidationModule_NewScenario -->
